2019/07/23 05:40:10 [error] 7#7: *1 open() "/var/www/html/favicon.ico" failed (2: No such file or directory), client: 122.171.115.245, server: investr.co.in, request: "GET /favicon.ico HTTP/1.1", host: "investr.co.in:8080"
2019/07/23 08:11:46 [error] 6#6: *14 "/usr/share/nginx/html/english/index.html" is not found (2: No such file or directory), client: 111.224.7.200, server: localhost, request: "GET http://www.rfa.org/english/ HTTP/1.1", host: "www.rfa.org"
2019/07/23 09:05:30 [error] 6#6: *1 open() "/var/www/html/api/time" failed (2: No such file or directory), client: 122.171.115.245, server: investr.co.in, request: "GET /api/time HTTP/1.1", host: "investr.co.in:8080"
2019/07/23 09:06:02 [error] 6#6: *3 open() "/var/www/html/earnings" failed (2: No such file or directory), client: 122.171.115.245, server: investr.co.in, request: "GET /earnings HTTP/1.1", host: "investr.co.in:8080"
2019/07/23 09:13:03 [error] 6#6: *7 open() "/var/www/html/api/time" failed (2: No such file or directory), client: 122.171.115.245, server: investr.co.in, request: "GET /api/time HTTP/1.1", host: "investr.co.in:8080"
2019/07/23 09:13:34 [error] 6#6: *10 open() "/var/www/html/api/time" failed (2: No such file or directory), client: 122.171.115.245, server: investr.co.in, request: "GET /api/time HTTP/1.1", host: "investr.co.in:8080"
2019/07/23 09:15:02 [error] 6#6: *14 open() "/var/www/html/hello" failed (2: No such file or directory), client: 122.171.115.245, server: investr.co.in, request: "GET /hello HTTP/1.1", host: "investr.co.in:8080"
2019/07/23 09:15:06 [error] 6#6: *14 "/var/www/html/hello/index.php" is not found (2: No such file or directory), client: 122.171.115.245, server: investr.co.in, request: "GET /hello/ HTTP/1.1", host: "investr.co.in:8080"
2019/07/23 09:19:28 [error] 6#6: *18 open() "/var/www/html/hello" failed (2: No such file or directory), client: 122.171.115.245, server: investr.co.in, request: "GET /hello HTTP/1.1", host: "investr.co.in:8080"
2019/07/23 09:19:32 [error] 6#6: *19 open() "/var/www/html/hello" failed (2: No such file or directory), client: 122.171.115.245, server: investr.co.in, request: "GET /hello HTTP/1.1", host: "investr.co.in:8080"
2019/07/23 09:27:46 [error] 6#6: *8 FastCGI sent in stderr: "PHP message: Slim Application Error:
Type: Error
Message: Class 'Slim' not found
File: /var/www/html/index.php
Line: 694
Trace: #0 /var/www/html/index.php(840): generateTime()
#1 [internal function]: Closure->{closure}(Object(Slim\Http\Request), Object(Slim\Http\Response), Array)
#2 /var/www/html/vendor/slim/slim/Slim/Handlers/Strategies/RequestResponse.php(41): call_user_func(Object(Closure), Object(Slim\Http\Request), Object(Slim\Http\Response), Array)
#3 /var/www/html/vendor/slim/slim/Slim/Route.php(356): Slim\Handlers\Strategies\RequestResponse->__invoke(Object(Closure), Object(Slim\Http\Request), Object(Slim\Http\Response), Array)
#4 /var/www/html/vendor/slim/slim/Slim/MiddlewareAwareTrait.php(117): Slim\Route->__invoke(Object(Slim\Http\Request), Object(Slim\Http\Response))
#5 /var/www/html/vendor/slim/slim/Slim/Route.php(334): Slim\Route->callMiddlewareStack(Object(Slim\Http\Request), Object(Slim\Http\Response))
#6 /var/www/html/vendor/slim/slim/Slim/App.php(515): Slim\Route->run(Object(Slim\Http\Request), Object(Slim\Http\Response))
#7 /var/www/html/vendor/slim/slim/Slim/MiddlewareAwareTrait.php(117): Slim\App->__invoke(Object(Slim\Http\Request), Object(Slim\Http\Response))
#8 /var/www/html/vendor/slim/slim/Slim/App.php(405): Slim\App->callMiddlewareStack(Object(Slim\Http\Request), Object(Slim\Http\Response))
#9 /var/www/html/vendor/slim/slim/Slim/App.php(313): Slim\App->process(Object(Slim\Http\Request), Object(Slim\Http\Response))
#10 /var/www/html/index.php(853): Slim\App->run()
#11 {main}
View in rendered output by enabling the "displayErrorDetails" setting" while reading response header from upstream, client: 122.171.115.245, server: investr.co.in, request: "GET /api/time HTTP/1.1", upstream: "fastcgi://172.17.0.3:9000", host: "investr.co.in:8080"
2019/07/23 09:27:53 [error] 6#6: *8 FastCGI sent in stderr: "PHP message: Slim Application Error:
Type: Error
Message: Class 'Slim' not found
File: /var/www/html/index.php
Line: 694
Trace: #0 /var/www/html/index.php(840): generateTime()
#1 [internal function]: Closure->{closure}(Object(Slim\Http\Request), Object(Slim\Http\Response), Array)
#2 /var/www/html/vendor/slim/slim/Slim/Handlers/Strategies/RequestResponse.php(41): call_user_func(Object(Closure), Object(Slim\Http\Request), Object(Slim\Http\Response), Array)
#3 /var/www/html/vendor/slim/slim/Slim/Route.php(356): Slim\Handlers\Strategies\RequestResponse->__invoke(Object(Closure), Object(Slim\Http\Request), Object(Slim\Http\Response), Array)
#4 /var/www/html/vendor/slim/slim/Slim/MiddlewareAwareTrait.php(117): Slim\Route->__invoke(Object(Slim\Http\Request), Object(Slim\Http\Response))
#5 /var/www/html/vendor/slim/slim/Slim/Route.php(334): Slim\Route->callMiddlewareStack(Object(Slim\Http\Request), Object(Slim\Http\Response))
#6 /var/www/html/vendor/slim/slim/Slim/App.php(515): Slim\Route->run(Object(Slim\Http\Request), Object(Slim\Http\Response))
#7 /var/www/html/vendor/slim/slim/Slim/MiddlewareAwareTrait.php(117): Slim\App->__invoke(Object(Slim\Http\Request), Object(Slim\Http\Response))
#8 /var/www/html/vendor/slim/slim/Slim/App.php(405): Slim\App->callMiddlewareStack(Object(Slim\Http\Request), Object(Slim\Http\Response))
#9 /var/www/html/vendor/slim/slim/Slim/App.php(313): Slim\App->process(Object(Slim\Http\Request), Object(Slim\Http\Response))
#10 /var/www/html/index.php(853): Slim\App->run()
#11 {main}
View in rendered output by enabling the "displayErrorDetails" setting" while reading response header from upstream, client: 122.171.115.245, server: investr.co.in, request: "GET /api/time HTTP/1.1", upstream: "fastcgi://172.17.0.3:9000", host: "investr.co.in:8080"
2019/07/23 09:28:02 [error] 6#6: *8 FastCGI sent in stderr: "PHP message: Slim Application Error:
Type: Error
Message: Class 'Slim' not found
File: /var/www/html/index.php
Line: 694
Trace: #0 /var/www/html/index.php(840): generateTime()
#1 [internal function]: Closure->{closure}(Object(Slim\Http\Request), Object(Slim\Http\Response), Array)
#2 /var/www/html/vendor/slim/slim/Slim/Handlers/Strategies/RequestResponse.php(41): call_user_func(Object(Closure), Object(Slim\Http\Request), Object(Slim\Http\Response), Array)
#3 /var/www/html/vendor/slim/slim/Slim/Route.php(356): Slim\Handlers\Strategies\RequestResponse->__invoke(Object(Closure), Object(Slim\Http\Request), Object(Slim\Http\Response), Array)
#4 /var/www/html/vendor/slim/slim/Slim/MiddlewareAwareTrait.php(117): Slim\Route->__invoke(Object(Slim\Http\Request), Object(Slim\Http\Response))
#5 /var/www/html/vendor/slim/slim/Slim/Route.php(334): Slim\Route->callMiddlewareStack(Object(Slim\Http\Request), Object(Slim\Http\Response))
#6 /var/www/html/vendor/slim/slim/Slim/App.php(515): Slim\Route->run(Object(Slim\Http\Request), Object(Slim\Http\Response))
#7 /var/www/html/vendor/slim/slim/Slim/MiddlewareAwareTrait.php(117): Slim\App->__invoke(Object(Slim\Http\Request), Object(Slim\Http\Response))
#8 /var/www/html/vendor/slim/slim/Slim/App.php(405): Slim\App->callMiddlewareStack(Object(Slim\Http\Request), Object(Slim\Http\Response))
#9 /var/www/html/vendor/slim/slim/Slim/App.php(313): Slim\App->process(Object(Slim\Http\Request), Object(Slim\Http\Response))
#10 /var/www/html/index.php(853): Slim\App->run()
#11 {main}
View in rendered output by enabling the "displayErrorDetails" setting" while reading response header from upstream, client: 122.171.115.245, server: investr.co.in, request: "GET /api/time HTTP/1.1", upstream: "fastcgi://172.17.0.3:9000", host: "investr.co.in:8080"
2019/07/23 09:28:53 [error] 6#6: *13 FastCGI sent in stderr: "PHP message: Slim Application Error:
Type: Error
Message: Class 'Slim\Slim' not found
File: /var/www/html/index.php
Line: 694
Trace: #0 /var/www/html/index.php(840): generateTime()
#1 [internal function]: Closure->{closure}(Object(Slim\Http\Request), Object(Slim\Http\Response), Array)
#2 /var/www/html/vendor/slim/slim/Slim/Handlers/Strategies/RequestResponse.php(41): call_user_func(Object(Closure), Object(Slim\Http\Request), Object(Slim\Http\Response), Array)
#3 /var/www/html/vendor/slim/slim/Slim/Route.php(356): Slim\Handlers\Strategies\RequestResponse->__invoke(Object(Closure), Object(Slim\Http\Request), Object(Slim\Http\Response), Array)
#4 /var/www/html/vendor/slim/slim/Slim/MiddlewareAwareTrait.php(117): Slim\Route->__invoke(Object(Slim\Http\Request), Object(Slim\Http\Response))
#5 /var/www/html/vendor/slim/slim/Slim/Route.php(334): Slim\Route->callMiddlewareStack(Object(Slim\Http\Request), Object(Slim\Http\Response))
#6 /var/www/html/vendor/slim/slim/Slim/App.php(515): Slim\Route->run(Object(Slim\Http\Request), Object(Slim\Http\Response))
#7 /var/www/html/vendor/slim/slim/Slim/MiddlewareAwareTrait.php(117): Slim\App->__invoke(Object(Slim\Http\Request), Object(Slim\Http\Response))
#8 /var/www/html/vendor/slim/slim/Slim/App.php(405): Slim\App->callMiddlewareStack(Object(Slim\Http\Request), Object(Slim\Http\Response))
#9 /var/www/html/vendor/slim/slim/Slim/App.php(313): Slim\App->process(Object(Slim\Http\Request), Object(Slim\Http\Response))
#10 /var/www/html/index.php(853): Slim\App->run()
#11 {main}
View in rendered output by enabling the "displayErrorDetails" setting" while reading response header from upstream, client: 122.171.115.245, server: investr.co.in, request: "GET /api/time HTTP/1.1", upstream: "fastcgi://172.17.0.3:9000", host: "investr.co.in:8080"
2019/07/23 09:28:54 [error] 6#6: *15 FastCGI sent in stderr: "PHP message: Slim Application Error:
Type: Error
Message: Class 'Slim\Slim' not found
File: /var/www/html/index.php
Line: 694
Trace: #0 /var/www/html/index.php(840): generateTime()
#1 [internal function]: Closure->{closure}(Object(Slim\Http\Request), Object(Slim\Http\Response), Array)
#2 /var/www/html/vendor/slim/slim/Slim/Handlers/Strategies/RequestResponse.php(41): call_user_func(Object(Closure), Object(Slim\Http\Request), Object(Slim\Http\Response), Array)
#3 /var/www/html/vendor/slim/slim/Slim/Route.php(356): Slim\Handlers\Strategies\RequestResponse->__invoke(Object(Closure), Object(Slim\Http\Request), Object(Slim\Http\Response), Array)
#4 /var/www/html/vendor/slim/slim/Slim/MiddlewareAwareTrait.php(117): Slim\Route->__invoke(Object(Slim\Http\Request), Object(Slim\Http\Response))
#5 /var/www/html/vendor/slim/slim/Slim/Route.php(334): Slim\Route->callMiddlewareStack(Object(Slim\Http\Request), Object(Slim\Http\Response))
#6 /var/www/html/vendor/slim/slim/Slim/App.php(515): Slim\Route->run(Object(Slim\Http\Request), Object(Slim\Http\Response))
#7 /var/www/html/vendor/slim/slim/Slim/MiddlewareAwareTrait.php(117): Slim\App->__invoke(Object(Slim\Http\Request), Object(Slim\Http\Response))
#8 /var/www/html/vendor/slim/slim/Slim/App.php(405): Slim\App->callMiddlewareStack(Object(Slim\Http\Request), Object(Slim\Http\Response))
#9 /var/www/html/vendor/slim/slim/Slim/App.php(313): Slim\App->process(Object(Slim\Http\Request), Object(Slim\Http\Response))
#10 /var/www/html/index.php(853): Slim\App->run()
#11 {main}
View in rendered output by enabling the "displayErrorDetails" setting" while reading response header from upstream, client: 122.171.115.245, server: investr.co.in, request: "GET /api/time HTTP/1.1", upstream: "fastcgi://172.17.0.3:9000", host: "investr.co.in:8080"
2019/07/23 09:53:20 [error] 6#6: *17 FastCGI sent in stderr: "PHP message: Slim Application Error:
Type: Error
Message: Call to a member function prepare() on null
File: /var/www/html/index.php
Line: 22
Trace: #0 [internal function]: Closure->{closure}(Object(Slim\Http\Request), Object(Slim\Http\Response), Array)
#1 /var/www/html/vendor/slim/slim/Slim/Handlers/Strategies/RequestResponse.php(41): call_user_func(Object(Closure), Object(Slim\Http\Request), Object(Slim\Http\Response), Array)
#2 /var/www/html/vendor/slim/slim/Slim/Route.php(356): Slim\Handlers\Strategies\RequestResponse->__invoke(Object(Closure), Object(Slim\Http\Request), Object(Slim\Http\Response), Array)
#3 /var/www/html/vendor/slim/slim/Slim/MiddlewareAwareTrait.php(117): Slim\Route->__invoke(Object(Slim\Http\Request), Object(Slim\Http\Response))
#4 /var/www/html/vendor/slim/slim/Slim/Route.php(334): Slim\Route->callMiddlewareStack(Object(Slim\Http\Request), Object(Slim\Http\Response))
#5 /var/www/html/vendor/slim/slim/Slim/App.php(515): Slim\Route->run(Object(Slim\Http\Request), Object(Slim\Http\Response))
#6 /var/www/html/vendor/slim/slim/Slim/MiddlewareAwareTrait.php(117): Slim\App->__invoke(Object(Slim\Http\Request), Object(Slim\Http\Response))
#7 /var/www/html/vendor/slim/slim/Slim/App.php(405): Slim\App->callMiddlewareStack(Object(Slim\Http\Request), Object(Slim\Http\Response))
#8 /var/www/html/vendor/slim/slim/Slim/App.php(313): Slim\App->process(Object(Slim\Http\Request), Object(Slim\Http\Response))
#9 /var/www/html/index.php(38): Slim\App->run()
#10 {main}
View in rendered output by enabling the "displayErrorDetails" setting" while reading response header from upstream, client: 122.171.115.245, server: investr.co.in, request: "GET / HTTP/1.1", upstream: "fastcgi://172.17.0.3:9000", host: "investr.co.in:8080"
2019/07/23 09:55:51 [error] 6#6: *19 FastCGI sent in stderr: "PHP message: Slim Application Error:
Type: Error
Message: Call to a member function prepare() on null
File: /var/www/html/index.php
Line: 22
Trace: #0 [internal function]: Closure->{closure}(Object(Slim\Http\Request), Object(Slim\Http\Response), Array)
#1 /var/www/html/vendor/slim/slim/Slim/Handlers/Strategies/RequestResponse.php(41): call_user_func(Object(Closure), Object(Slim\Http\Request), Object(Slim\Http\Response), Array)
#2 /var/www/html/vendor/slim/slim/Slim/Route.php(356): Slim\Handlers\Strategies\RequestResponse->__invoke(Object(Closure), Object(Slim\Http\Request), Object(Slim\Http\Response), Array)
#3 /var/www/html/vendor/slim/slim/Slim/MiddlewareAwareTrait.php(117): Slim\Route->__invoke(Object(Slim\Http\Request), Object(Slim\Http\Response))
#4 /var/www/html/vendor/slim/slim/Slim/Route.php(334): Slim\Route->callMiddlewareStack(Object(Slim\Http\Request), Object(Slim\Http\Response))
#5 /var/www/html/vendor/slim/slim/Slim/App.php(515): Slim\Route->run(Object(Slim\Http\Request), Object(Slim\Http\Response))
#6 /var/www/html/vendor/slim/slim/Slim/MiddlewareAwareTrait.php(117): Slim\App->__invoke(Object(Slim\Http\Request), Object(Slim\Http\Response))
#7 /var/www/html/vendor/slim/slim/Slim/App.php(405): Slim\App->callMiddlewareStack(Object(Slim\Http\Request), Object(Slim\Http\Response))
#8 /var/www/html/vendor/slim/slim/Slim/App.php(313): Slim\App->process(Object(Slim\Http\Request), Object(Slim\Http\Response))
#9 /var/www/html/index.php(38): Slim\App->run()
#10 {main}
View in rendered output by enabling the "displayErrorDetails" setting" while reading response header from upstream, client: 122.171.115.245, server: investr.co.in, request: "GET / HTTP/1.1", upstream: "fastcgi://172.17.0.3:9000", host: "investr.co.in:8080"
2019/07/23 09:58:22 [error] 6#6: *22 FastCGI sent in stderr: "PHP message: Slim Application Error:
Type: Error
Message: Call to a member function prepare() on null
File: /var/www/html/index.php
Line: 22
Trace: #0 [internal function]: Closure->{closure}(Object(Slim\Http\Request), Object(Slim\Http\Response), Array)
#1 /var/www/html/vendor/slim/slim/Slim/Handlers/Strategies/RequestResponse.php(41): call_user_func(Object(Closure), Object(Slim\Http\Request), Object(Slim\Http\Response), Array)
#2 /var/www/html/vendor/slim/slim/Slim/Route.php(356): Slim\Handlers\Strategies\RequestResponse->__invoke(Object(Closure), Object(Slim\Http\Request), Object(Slim\Http\Response), Array)
#3 /var/www/html/vendor/slim/slim/Slim/MiddlewareAwareTrait.php(117): Slim\Route->__invoke(Object(Slim\Http\Request), Object(Slim\Http\Response))
#4 /var/www/html/vendor/slim/slim/Slim/Route.php(334): Slim\Route->callMiddlewareStack(Object(Slim\Http\Request), Object(Slim\Http\Response))
#5 /var/www/html/vendor/slim/slim/Slim/App.php(515): Slim\Route->run(Object(Slim\Http\Request), Object(Slim\Http\Response))
#6 /var/www/html/vendor/slim/slim/Slim/MiddlewareAwareTrait.php(117): Slim\App->__invoke(Object(Slim\Http\Request), Object(Slim\Http\Response))
#7 /var/www/html/vendor/slim/slim/Slim/App.php(405): Slim\App->callMiddlewareStack(Object(Slim\Http\Request), Object(Slim\Http\Response))
#8 /var/www/html/vendor/slim/slim/Slim/App.php(313): Slim\App->process(Object(Slim\Http\Request), Object(Slim\Http\Response))
#9 /var/www/html/index.php(38): Slim\App->run()
#10 {main}
View in rendered output by enabling the "displayErrorDetails" setting" while reading response header from upstream, client: 122.171.115.245, server: investr.co.in, request: "GET / HTTP/1.1", upstream: "fastcgi://172.17.0.3:9000", host: "investr.co.in:8080"
2019/07/23 09:58:24 [error] 6#6: *24 FastCGI sent in stderr: "PHP message: Slim Application Error:
Type: Error
Message: Call to a member function prepare() on null
File: /var/www/html/index.php
Line: 22
Trace: #0 [internal function]: Closure->{closure}(Object(Slim\Http\Request), Object(Slim\Http\Response), Array)
#1 /var/www/html/vendor/slim/slim/Slim/Handlers/Strategies/RequestResponse.php(41): call_user_func(Object(Closure), Object(Slim\Http\Request), Object(Slim\Http\Response), Array)
#2 /var/www/html/vendor/slim/slim/Slim/Route.php(356): Slim\Handlers\Strategies\RequestResponse->__invoke(Object(Closure), Object(Slim\Http\Request), Object(Slim\Http\Response), Array)
#3 /var/www/html/vendor/slim/slim/Slim/MiddlewareAwareTrait.php(117): Slim\Route->__invoke(Object(Slim\Http\Request), Object(Slim\Http\Response))
#4 /var/www/html/vendor/slim/slim/Slim/Route.php(334): Slim\Route->callMiddlewareStack(Object(Slim\Http\Request), Object(Slim\Http\Response))
#5 /var/www/html/vendor/slim/slim/Slim/App.php(515): Slim\Route->run(Object(Slim\Http\Request), Object(Slim\Http\Response))
#6 /var/www/html/vendor/slim/slim/Slim/MiddlewareAwareTrait.php(117): Slim\App->__invoke(Object(Slim\Http\Request), Object(Slim\Http\Response))
#7 /var/www/html/vendor/slim/slim/Slim/App.php(405): Slim\App->callMiddlewareStack(Object(Slim\Http\Request), Object(Slim\Http\Response))
#8 /var/www/html/vendor/slim/slim/Slim/App.php(313): Slim\App->process(Object(Slim\Http\Request), Object(Slim\Http\Response))
#9 /var/www/html/index.php(38): Slim\App->run()
#10 {main}
View in rendered output by enabling the "displayErrorDetails" setting" while reading response header from upstream, client: 122.171.115.245, server: investr.co.in, request: "GET / HTTP/1.1", upstream: "fastcgi://172.17.0.3:9000", host: "investr.co.in:8080"
